0 info it worked if it ends with ok
1 verbose cli [ 'node', '/usr/local/bin/npm', 'update' ]
2 info using npm@2.1.14
3 info using node@v0.10.25
4 verbose node symlink /usr/local/bin/node
5 silly mapToRegistry name grunt
6 silly mapToRegistry using default registry
7 silly mapToRegistry registry https://registry.npmjs.org/
8 silly mapToRegistry uri https://registry.npmjs.org/grunt
9 silly mapToRegistry name grunt-autoprefixer
10 silly mapToRegistry using default registry
11 silly mapToRegistry registry https://registry.npmjs.org/
12 silly mapToRegistry uri https://registry.npmjs.org/grunt-autoprefixer
13 silly mapToRegistry name grunt-concurrent
14 silly mapToRegistry using default registry
15 silly mapToRegistry registry https://registry.npmjs.org/
16 silly mapToRegistry uri https://registry.npmjs.org/grunt-concurrent
17 silly mapToRegistry name grunt-contrib-clean
18 silly mapToRegistry using default registry
19 silly mapToRegistry registry https://registry.npmjs.org/
20 silly mapToRegistry uri https://registry.npmjs.org/grunt-contrib-clean
21 silly mapToRegistry name grunt-contrib-concat
22 silly mapToRegistry using default registry
23 silly mapToRegistry registry https://registry.npmjs.org/
24 silly mapToRegistry uri https://registry.npmjs.org/grunt-contrib-concat
25 silly mapToRegistry name grunt-contrib-connect
26 silly mapToRegistry using default registry
27 silly mapToRegistry registry https://registry.npmjs.org/
28 silly mapToRegistry uri https://registry.npmjs.org/grunt-contrib-connect
29 silly mapToRegistry name grunt-contrib-copy
30 silly mapToRegistry using default registry
31 silly mapToRegistry registry https://registry.npmjs.org/
32 silly mapToRegistry uri https://registry.npmjs.org/grunt-contrib-copy
33 silly mapToRegistry name grunt-contrib-cssmin
34 silly mapToRegistry using default registry
35 silly mapToRegistry registry https://registry.npmjs.org/
36 silly mapToRegistry uri https://registry.npmjs.org/grunt-contrib-cssmin
37 silly mapToRegistry name grunt-contrib-htmlmin
38 silly mapToRegistry using default registry
39 silly mapToRegistry registry https://registry.npmjs.org/
40 silly mapToRegistry uri https://registry.npmjs.org/grunt-contrib-htmlmin
41 silly mapToRegistry name grunt-contrib-imagemin
42 silly mapToRegistry using default registry
43 silly mapToRegistry registry https://registry.npmjs.org/
44 silly mapToRegistry uri https://registry.npmjs.org/grunt-contrib-imagemin
45 silly mapToRegistry name grunt-contrib-jshint
46 silly mapToRegistry using default registry
47 silly mapToRegistry registry https://registry.npmjs.org/
48 silly mapToRegistry uri https://registry.npmjs.org/grunt-contrib-jshint
49 silly mapToRegistry name grunt-contrib-uglify
50 silly mapToRegistry using default registry
51 silly mapToRegistry registry https://registry.npmjs.org/
52 silly mapToRegistry uri https://registry.npmjs.org/grunt-contrib-uglify
53 silly mapToRegistry name grunt-contrib-watch
54 silly mapToRegistry using default registry
55 silly mapToRegistry registry https://registry.npmjs.org/
56 silly mapToRegistry uri https://registry.npmjs.org/grunt-contrib-watch
57 silly mapToRegistry name grunt-filerev
58 silly mapToRegistry using default registry
59 silly mapToRegistry registry https://registry.npmjs.org/
60 silly mapToRegistry uri https://registry.npmjs.org/grunt-filerev
61 silly mapToRegistry name grunt-google-cdn
62 silly mapToRegistry using default registry
63 silly mapToRegistry registry https://registry.npmjs.org/
64 silly mapToRegistry uri https://registry.npmjs.org/grunt-google-cdn
65 silly mapToRegistry name grunt-newer
66 silly mapToRegistry using default registry
67 silly mapToRegistry registry https://registry.npmjs.org/
68 silly mapToRegistry uri https://registry.npmjs.org/grunt-newer
69 silly mapToRegistry name grunt-ng-annotate
70 silly mapToRegistry using default registry
71 silly mapToRegistry registry https://registry.npmjs.org/
72 silly mapToRegistry uri https://registry.npmjs.org/grunt-ng-annotate
73 silly mapToRegistry name grunt-svgmin
74 silly mapToRegistry using default registry
75 silly mapToRegistry registry https://registry.npmjs.org/
76 silly mapToRegistry uri https://registry.npmjs.org/grunt-svgmin
77 silly mapToRegistry name grunt-usemin
78 silly mapToRegistry using default registry
79 silly mapToRegistry registry https://registry.npmjs.org/
80 silly mapToRegistry uri https://registry.npmjs.org/grunt-usemin
81 silly mapToRegistry name grunt-wiredep
82 silly mapToRegistry using default registry
83 silly mapToRegistry registry https://registry.npmjs.org/
84 silly mapToRegistry uri https://registry.npmjs.org/grunt-wiredep
85 silly mapToRegistry name jshint-stylish
86 silly mapToRegistry using default registry
87 silly mapToRegistry registry https://registry.npmjs.org/
88 silly mapToRegistry uri https://registry.npmjs.org/jshint-stylish
89 silly mapToRegistry name load-grunt-tasks
90 silly mapToRegistry using default registry
91 silly mapToRegistry registry https://registry.npmjs.org/
92 silly mapToRegistry uri https://registry.npmjs.org/load-grunt-tasks
93 silly mapToRegistry name time-grunt
94 silly mapToRegistry using default registry
95 silly mapToRegistry registry https://registry.npmjs.org/
96 silly mapToRegistry uri https://registry.npmjs.org/time-grunt
97 verbose request uri https://registry.npmjs.org/grunt
98 verbose request no auth needed
99 info attempt registry request try #1 at 16:18:13
100 verbose request id c620d2abac8958c4
101 verbose etag "9J54SMP1038BF75MCQXWBP5CJ"
102 http request GET https://registry.npmjs.org/grunt
103 verbose request uri https://registry.npmjs.org/grunt-autoprefixer
104 verbose request no auth needed
105 info attempt registry request try #1 at 16:18:13
106 verbose etag "4795H4EGYWLQO1T51OQ9SB84X"
107 http request GET https://registry.npmjs.org/grunt-autoprefixer
108 verbose request uri https://registry.npmjs.org/grunt-concurrent
109 verbose request no auth needed
110 info attempt registry request try #1 at 16:18:13
111 verbose etag "ANFGRP7FR9ZLF0933C4ROVE18"
112 http request GET https://registry.npmjs.org/grunt-concurrent
113 verbose request uri https://registry.npmjs.org/grunt-contrib-clean
114 verbose request no auth needed
115 info attempt registry request try #1 at 16:18:13
116 verbose etag "ESEROOG9D9T1TM780EONOQP8D"
117 http request GET https://registry.npmjs.org/grunt-contrib-clean
118 verbose request uri https://registry.npmjs.org/grunt-contrib-concat
119 verbose request no auth needed
120 info attempt registry request try #1 at 16:18:13
121 verbose etag "41KB6DHIXG0M0OKBE6LKPFRTL"
122 http request GET https://registry.npmjs.org/grunt-contrib-concat
123 verbose request uri https://registry.npmjs.org/grunt-contrib-connect
124 verbose request no auth needed
125 info attempt registry request try #1 at 16:18:13
126 verbose etag "1ON8MVVV11PZ56D89QPQY89ZS"
127 http request GET https://registry.npmjs.org/grunt-contrib-connect
128 verbose request uri https://registry.npmjs.org/grunt-contrib-copy
129 verbose request no auth needed
130 info attempt registry request try #1 at 16:18:13
131 verbose etag "CXGMEP87141ZG8OQUAOBOTA7F"
132 http request GET https://registry.npmjs.org/grunt-contrib-copy
133 verbose request uri https://registry.npmjs.org/grunt-contrib-cssmin
134 verbose request no auth needed
135 info attempt registry request try #1 at 16:18:13
136 verbose etag "F1TI2T4WPGMO57UB6FJ5TDLKY"
137 http request GET https://registry.npmjs.org/grunt-contrib-cssmin
138 verbose request uri https://registry.npmjs.org/grunt-contrib-htmlmin
139 verbose request no auth needed
140 info attempt registry request try #1 at 16:18:13
141 verbose etag "BXNX6C4Y8YQGFJWWYQEJV7334"
142 http request GET https://registry.npmjs.org/grunt-contrib-htmlmin
143 verbose request uri https://registry.npmjs.org/grunt-contrib-imagemin
144 verbose request no auth needed
145 info attempt registry request try #1 at 16:18:13
146 verbose etag "EMER0ALWRZDPI30DFE0ATLBY2"
147 http request GET https://registry.npmjs.org/grunt-contrib-imagemin
148 verbose request uri https://registry.npmjs.org/grunt-contrib-jshint
149 verbose request no auth needed
150 info attempt registry request try #1 at 16:18:13
151 verbose etag "9WKT6JI425NFRAA423U4QL4YC"
152 http request GET https://registry.npmjs.org/grunt-contrib-jshint
153 verbose request uri https://registry.npmjs.org/grunt-contrib-uglify
154 verbose request no auth needed
155 info attempt registry request try #1 at 16:18:13
156 verbose etag "4AXJWYIFNYOM70M4E6N7BGC"
157 http request GET https://registry.npmjs.org/grunt-contrib-uglify
158 verbose request uri https://registry.npmjs.org/grunt-contrib-watch
159 verbose request no auth needed
160 info attempt registry request try #1 at 16:18:13
161 verbose etag "4JW95GCO8K1LIQNVQFRQMSKVZ"
162 http request GET https://registry.npmjs.org/grunt-contrib-watch
163 verbose request uri https://registry.npmjs.org/grunt-filerev
164 verbose request no auth needed
165 info attempt registry request try #1 at 16:18:13
166 verbose etag "2L2ED4R8A7P9V6W75IYLVQ999"
167 http request GET https://registry.npmjs.org/grunt-filerev
168 verbose request uri https://registry.npmjs.org/grunt-google-cdn
169 verbose request no auth needed
170 info attempt registry request try #1 at 16:18:13
171 verbose etag "D2R2IPXKY96TNCRJMUNNUSAKX"
172 http request GET https://registry.npmjs.org/grunt-google-cdn
173 verbose request uri https://registry.npmjs.org/grunt-newer
174 verbose request no auth needed
175 info attempt registry request try #1 at 16:18:13
176 verbose etag "7AEZHU4K5HTZL4TXQ5U5GGSYZ"
177 http request GET https://registry.npmjs.org/grunt-newer
178 verbose request uri https://registry.npmjs.org/grunt-ng-annotate
179 verbose request no auth needed
180 info attempt registry request try #1 at 16:18:13
181 verbose etag "7IEOO7LFAGOD3JYBUXPFS6UAW"
182 http request GET https://registry.npmjs.org/grunt-ng-annotate
183 verbose request uri https://registry.npmjs.org/grunt-svgmin
184 verbose request no auth needed
185 info attempt registry request try #1 at 16:18:13
186 verbose etag "8AMZX30M2TM2QOFC0HWH99LA1"
187 http request GET https://registry.npmjs.org/grunt-svgmin
188 verbose request uri https://registry.npmjs.org/grunt-usemin
189 verbose request no auth needed
190 info attempt registry request try #1 at 16:18:13
191 verbose etag "7KGMR6QKRFRJ87U1CWSUWFOHN"
192 http request GET https://registry.npmjs.org/grunt-usemin
193 verbose request uri https://registry.npmjs.org/grunt-wiredep
194 verbose request no auth needed
195 info attempt registry request try #1 at 16:18:13
196 verbose etag "8CXR39TVP89Z6BXRY69KWANYA"
197 http request GET https://registry.npmjs.org/grunt-wiredep
198 verbose request uri https://registry.npmjs.org/jshint-stylish
199 verbose request no auth needed
200 info attempt registry request try #1 at 16:18:13
201 verbose etag "D9P6FI5MW4DP9H5EBCB70RSXW"
202 http request GET https://registry.npmjs.org/jshint-stylish
203 verbose request uri https://registry.npmjs.org/load-grunt-tasks
204 verbose request no auth needed
205 info attempt registry request try #1 at 16:18:13
206 verbose etag "1SQF7H8SYPWKAYVXYHWRN61PD"
207 http request GET https://registry.npmjs.org/load-grunt-tasks
208 verbose request uri https://registry.npmjs.org/time-grunt
209 verbose request no auth needed
210 info attempt registry request try #1 at 16:18:13
211 verbose etag "D8UKB5XSQAYBOYJLDMMRQR6UC"
212 http request GET https://registry.npmjs.org/time-grunt
213 http 304 https://registry.npmjs.org/grunt-contrib-clean
214 silly get cb [ 304,
214 silly get   { date: 'Sun, 15 Mar 2015 15:18:18 GMT',
214 silly get     server: 'Apache',
214 silly get     via: '1.1 varnish',
214 silly get     'last-modified': 'Sun, 15 Mar 2015 15:17:58 GMT',
214 silly get     'cache-control': 'max-age=60',
214 silly get     etag: '"ESEROOG9D9T1TM780EONOQP8D"',
214 silly get     age: '21',
214 silly get     'x-served-by': 'cache-fra1223-FRA',
214 silly get     'x-cache': 'HIT',
214 silly get     'x-cache-hits': '2',
214 silly get     'x-timer': 'S1426432698.881876,VS0,VE0',
214 silly get     vary: 'Accept',
214 silly get     'content-length': '0',
214 silly get     'keep-alive': 'timeout=10, max=50',
214 silly get     connection: 'Keep-Alive' } ]
215 verbose etag https://registry.npmjs.org/grunt-contrib-clean from cache
216 http 304 https://registry.npmjs.org/grunt-contrib-concat
217 silly get cb [ 304,
217 silly get   { date: 'Sun, 15 Mar 2015 15:18:18 GMT',
217 silly get     server: 'Apache',
217 silly get     via: '1.1 varnish',
217 silly get     'last-modified': 'Sun, 15 Mar 2015 15:18:18 GMT',
217 silly get     'cache-control': 'max-age=60',
217 silly get     etag: '"41KB6DHIXG0M0OKBE6LKPFRTL"',
217 silly get     age: '21',
217 silly get     'x-served-by': 'cache-fra1236-FRA',
217 silly get     'x-cache': 'HIT',
217 silly get     'x-cache-hits': '1',
217 silly get     'x-timer': 'S1426432698.883298,VS0,VE0',
217 silly get     vary: 'Accept',
217 silly get     'content-length': '0',
217 silly get     'keep-alive': 'timeout=10, max=50',
217 silly get     connection: 'Keep-Alive' } ]
218 verbose etag https://registry.npmjs.org/grunt-contrib-concat from cache
219 http 304 https://registry.npmjs.org/grunt-contrib-connect
220 silly get cb [ 304,
220 silly get   { date: 'Sun, 15 Mar 2015 15:18:18 GMT',
220 silly get     server: 'Apache',
220 silly get     via: '1.1 varnish',
220 silly get     'last-modified': 'Sun, 15 Mar 2015 15:18:18 GMT',
220 silly get     'cache-control': 'max-age=60',
220 silly get     etag: '"1ON8MVVV11PZ56D89QPQY89ZS"',
220 silly get     age: '45',
220 silly get     'x-served-by': 'cache-fra1223-FRA',
220 silly get     'x-cache': 'HIT',
220 silly get     'x-cache-hits': '1',
220 silly get     'x-timer': 'S1426432698.912344,VS0,VE0',
220 silly get     vary: 'Accept',
220 silly get     'content-length': '0',
220 silly get     'keep-alive': 'timeout=10, max=49',
220 silly get     connection: 'Keep-Alive' } ]
221 verbose etag https://registry.npmjs.org/grunt-contrib-connect from cache
222 http 304 https://registry.npmjs.org/grunt-contrib-copy
223 silly get cb [ 304,
223 silly get   { date: 'Sun, 15 Mar 2015 15:18:18 GMT',
223 silly get     server: 'Apache',
223 silly get     via: '1.1 varnish',
223 silly get     'last-modified': 'Sun, 15 Mar 2015 15:18:18 GMT',
223 silly get     'cache-control': 'max-age=60',
223 silly get     etag: '"CXGMEP87141ZG8OQUAOBOTA7F"',
223 silly get     age: '21',
223 silly get     'x-served-by': 'cache-fra1236-FRA',
223 silly get     'x-cache': 'HIT',
223 silly get     'x-cache-hits': '1',
223 silly get     'x-timer': 'S1426432698.915153,VS0,VE0',
223 silly get     vary: 'Accept',
223 silly get     'content-length': '0',
223 silly get     'keep-alive': 'timeout=10, max=49',
223 silly get     connection: 'Keep-Alive' } ]
224 verbose etag https://registry.npmjs.org/grunt-contrib-copy from cache
225 http 304 https://registry.npmjs.org/grunt-contrib-cssmin
226 silly get cb [ 304,
226 silly get   { date: 'Sun, 15 Mar 2015 15:18:18 GMT',
226 silly get     server: 'Apache',
226 silly get     via: '1.1 varnish',
226 silly get     'last-modified': 'Sun, 15 Mar 2015 15:18:18 GMT',
226 silly get     'cache-control': 'max-age=60',
226 silly get     etag: '"F1TI2T4WPGMO57UB6FJ5TDLKY"',
226 silly get     age: '6',
226 silly get     'x-served-by': 'cache-fra1223-FRA',
226 silly get     'x-cache': 'HIT',
226 silly get     'x-cache-hits': '1',
226 silly get     'x-timer': 'S1426432698.936496,VS0,VE0',
226 silly get     vary: 'Accept',
226 silly get     'content-length': '0',
226 silly get     'keep-alive': 'timeout=10, max=48',
226 silly get     connection: 'Keep-Alive' } ]
227 verbose etag https://registry.npmjs.org/grunt-contrib-cssmin from cache
228 http 304 https://registry.npmjs.org/grunt-contrib-htmlmin
229 silly get cb [ 304,
229 silly get   { date: 'Sun, 15 Mar 2015 15:18:18 GMT',
229 silly get     server: 'Apache',
229 silly get     via: '1.1 varnish',
229 silly get     'last-modified': 'Sun, 15 Mar 2015 15:18:18 GMT',
229 silly get     'cache-control': 'max-age=60',
229 silly get     etag: '"BXNX6C4Y8YQGFJWWYQEJV7334"',
229 silly get     age: '13',
229 silly get     'x-served-by': 'cache-fra1236-FRA',
229 silly get     'x-cache': 'HIT',
229 silly get     'x-cache-hits': '1',
229 silly get     'x-timer': 'S1426432698.945611,VS0,VE0',
229 silly get     vary: 'Accept',
229 silly get     'content-length': '0',
229 silly get     'keep-alive': 'timeout=10, max=48',
229 silly get     connection: 'Keep-Alive' } ]
230 verbose etag https://registry.npmjs.org/grunt-contrib-htmlmin from cache
231 http 304 https://registry.npmjs.org/grunt-contrib-imagemin
232 silly get cb [ 304,
232 silly get   { date: 'Sun, 15 Mar 2015 15:18:18 GMT',
232 silly get     server: 'Apache',
232 silly get     via: '1.1 varnish',
232 silly get     'last-modified': 'Sun, 15 Mar 2015 15:18:18 GMT',
232 silly get     'cache-control': 'max-age=60',
232 silly get     etag: '"EMER0ALWRZDPI30DFE0ATLBY2"',
232 silly get     age: '12',
232 silly get     'x-served-by': 'cache-fra1223-FRA',
232 silly get     'x-cache': 'HIT',
232 silly get     'x-cache-hits': '1',
232 silly get     'x-timer': 'S1426432698.957668,VS0,VE0',
232 silly get     vary: 'Accept',
232 silly get     'content-length': '0',
232 silly get     'keep-alive': 'timeout=10, max=47',
232 silly get     connection: 'Keep-Alive' } ]
233 verbose etag https://registry.npmjs.org/grunt-contrib-imagemin from cache
234 http 304 https://registry.npmjs.org/grunt-contrib-jshint
235 silly get cb [ 304,
235 silly get   { date: 'Sun, 15 Mar 2015 15:18:18 GMT',
235 silly get     server: 'Apache',
235 silly get     via: '1.1 varnish',
235 silly get     'last-modified': 'Sun, 15 Mar 2015 15:18:18 GMT',
235 silly get     'cache-control': 'max-age=60',
235 silly get     etag: '"9WKT6JI425NFRAA423U4QL4YC"',
235 silly get     age: '21',
235 silly get     'x-served-by': 'cache-fra1236-FRA',
235 silly get     'x-cache': 'HIT',
235 silly get     'x-cache-hits': '1',
235 silly get     'x-timer': 'S1426432698.966561,VS0,VE0',
235 silly get     vary: 'Accept',
235 silly get     'content-length': '0',
235 silly get     'keep-alive': 'timeout=10, max=47',
235 silly get     connection: 'Keep-Alive' } ]
236 verbose etag https://registry.npmjs.org/grunt-contrib-jshint from cache
237 http 304 https://registry.npmjs.org/grunt-contrib-uglify
238 silly get cb [ 304,
238 silly get   { date: 'Sun, 15 Mar 2015 15:18:18 GMT',
238 silly get     server: 'Apache',
238 silly get     via: '1.1 varnish',
238 silly get     'last-modified': 'Sun, 15 Mar 2015 15:18:18 GMT',
238 silly get     'cache-control': 'max-age=60',
238 silly get     etag: '"4AXJWYIFNYOM70M4E6N7BGC"',
238 silly get     age: '21',
238 silly get     'x-served-by': 'cache-fra1223-FRA',
238 silly get     'x-cache': 'HIT',
238 silly get     'x-cache-hits': '1',
238 silly get     'x-timer': 'S1426432698.980829,VS0,VE0',
238 silly get     vary: 'Accept',
238 silly get     'content-length': '0',
238 silly get     'keep-alive': 'timeout=10, max=46',
238 silly get     connection: 'Keep-Alive' } ]
239 verbose etag https://registry.npmjs.org/grunt-contrib-uglify from cache
240 http 304 https://registry.npmjs.org/grunt-contrib-watch
241 silly get cb [ 304,
241 silly get   { date: 'Sun, 15 Mar 2015 15:18:18 GMT',
241 silly get     server: 'Apache',
241 silly get     via: '1.1 varnish',
241 silly get     'last-modified': 'Sun, 15 Mar 2015 15:18:18 GMT',
241 silly get     'cache-control': 'max-age=60',
241 silly get     etag: '"4JW95GCO8K1LIQNVQFRQMSKVZ"',
241 silly get     age: '21',
241 silly get     'x-served-by': 'cache-fra1236-FRA',
241 silly get     'x-cache': 'HIT',
241 silly get     'x-cache-hits': '1',
241 silly get     'x-timer': 'S1426432698.987196,VS0,VE0',
241 silly get     vary: 'Accept',
241 silly get     'content-length': '0',
241 silly get     'keep-alive': 'timeout=10, max=46',
241 silly get     connection: 'Keep-Alive' } ]
242 verbose etag https://registry.npmjs.org/grunt-contrib-watch from cache
243 http 304 https://registry.npmjs.org/grunt-google-cdn
244 silly get cb [ 304,
244 silly get   { date: 'Sun, 15 Mar 2015 15:18:19 GMT',
244 silly get     server: 'Apache',
244 silly get     via: '1.1 varnish',
244 silly get     'last-modified': 'Sun, 15 Mar 2015 15:18:19 GMT',
244 silly get     'cache-control': 'max-age=60',
244 silly get     etag: '"D2R2IPXKY96TNCRJMUNNUSAKX"',
244 silly get     age: '12',
244 silly get     'x-served-by': 'cache-fra1236-FRA',
244 silly get     'x-cache': 'HIT',
244 silly get     'x-cache-hits': '1',
244 silly get     'x-timer': 'S1426432699.006880,VS0,VE0',
244 silly get     vary: 'Accept',
244 silly get     'content-length': '0',
244 silly get     'keep-alive': 'timeout=10, max=45',
244 silly get     connection: 'Keep-Alive' } ]
245 verbose etag https://registry.npmjs.org/grunt-google-cdn from cache
246 silly mapToRegistry name gaze
247 silly mapToRegistry using default registry
248 silly mapToRegistry registry https://registry.npmjs.org/
249 silly mapToRegistry uri https://registry.npmjs.org/gaze
250 silly mapToRegistry name tiny-lr-fork
251 silly mapToRegistry using default registry
252 silly mapToRegistry registry https://registry.npmjs.org/
253 silly mapToRegistry uri https://registry.npmjs.org/tiny-lr-fork
254 silly mapToRegistry name lodash
255 silly mapToRegistry using default registry
256 silly mapToRegistry registry https://registry.npmjs.org/
257 silly mapToRegistry uri https://registry.npmjs.org/lodash
258 silly mapToRegistry name async
259 silly mapToRegistry using default registry
260 silly mapToRegistry registry https://registry.npmjs.org/
261 silly mapToRegistry uri https://registry.npmjs.org/async
262 verbose request uri https://registry.npmjs.org/gaze
263 verbose request no auth needed
264 info attempt registry request try #1 at 16:18:19
265 verbose etag "9JKGBH5DTOY6HAW3UJFXPRTFN"
266 http request GET https://registry.npmjs.org/gaze
267 verbose request uri https://registry.npmjs.org/tiny-lr-fork
268 verbose request no auth needed
269 info attempt registry request try #1 at 16:18:19
270 verbose etag "TD43Z2RO4VUUWY8YJNHWOUBS"
271 http request GET https://registry.npmjs.org/tiny-lr-fork
272 verbose request uri https://registry.npmjs.org/lodash
273 verbose request no auth needed
274 info attempt registry request try #1 at 16:18:19
275 verbose etag "ADODG46MH2B4C8WZM41ZDNBZ4"
276 http request GET https://registry.npmjs.org/lodash
277 verbose request uri https://registry.npmjs.org/async
278 verbose request no auth needed
279 info attempt registry request try #1 at 16:18:19
280 verbose etag "BQ6ZFI6EQUYWFNMSKGVW1IW9P"
281 http request GET https://registry.npmjs.org/async
282 http 304 https://registry.npmjs.org/grunt-newer
283 silly get cb [ 304,
283 silly get   { date: 'Sun, 15 Mar 2015 15:18:19 GMT',
283 silly get     server: 'Apache',
283 silly get     via: '1.1 varnish',
283 silly get     'last-modified': 'Sun, 15 Mar 2015 15:18:19 GMT',
283 silly get     'cache-control': 'max-age=60',
283 silly get     etag: '"7AEZHU4K5HTZL4TXQ5U5GGSYZ"',
283 silly get     age: '12',
283 silly get     'x-served-by': 'cache-fra1236-FRA',
283 silly get     'x-cache': 'HIT',
283 silly get     'x-cache-hits': '1',
283 silly get     'x-timer': 'S1426432699.028680,VS0,VE0',
283 silly get     vary: 'Accept',
283 silly get     'content-length': '0',
283 silly get     'keep-alive': 'timeout=10, max=44',
283 silly get     connection: 'Keep-Alive' } ]
284 verbose etag https://registry.npmjs.org/grunt-newer from cache
285 http 304 https://registry.npmjs.org/grunt-concurrent
286 silly get cb [ 304,
286 silly get   { date: 'Sun, 15 Mar 2015 15:18:18 GMT',
286 silly get     server: 'Apache',
286 silly get     via: '1.1 varnish',
286 silly get     'last-modified': 'Sun, 15 Mar 2015 15:18:19 GMT',
286 silly get     'cache-control': 'max-age=60',
286 silly get     etag: '"ANFGRP7FR9ZLF0933C4ROVE18"',
286 silly get     age: '0',
286 silly get     'x-served-by': 'cache-fra1235-FRA',
286 silly get     'x-cache': 'HIT',
286 silly get     'x-cache-hits': '1',
286 silly get     'x-timer': 'S1426432698.875684,VS0,VE170',
286 silly get     vary: 'Accept',
286 silly get     'content-length': '0',
286 silly get     'keep-alive': 'timeout=10, max=50',
286 silly get     connection: 'Keep-Alive' } ]
287 verbose etag https://registry.npmjs.org/grunt-concurrent from cache
288 http 304 https://registry.npmjs.org/grunt-svgmin
289 silly get cb [ 304,
289 silly get   { date: 'Sun, 15 Mar 2015 15:18:19 GMT',
289 silly get     server: 'Apache',
289 silly get     via: '1.1 varnish',
289 silly get     'last-modified': 'Sun, 15 Mar 2015 15:18:19 GMT',
289 silly get     'cache-control': 'max-age=60',
289 silly get     etag: '"8AMZX30M2TM2QOFC0HWH99LA1"',
289 silly get     age: '12',
289 silly get     'x-served-by': 'cache-fra1235-FRA',
289 silly get     'x-cache': 'HIT',
289 silly get     'x-cache-hits': '1',
289 silly get     'x-timer': 'S1426432699.092052,VS0,VE0',
289 silly get     vary: 'Accept',
289 silly get     'content-length': '0',
289 silly get     'keep-alive': 'timeout=10, max=49',
289 silly get     connection: 'Keep-Alive' } ]
290 verbose etag https://registry.npmjs.org/grunt-svgmin from cache
291 http 304 https://registry.npmjs.org/grunt-usemin
292 silly get cb [ 304,
292 silly get   { date: 'Sun, 15 Mar 2015 15:18:19 GMT',
292 silly get     server: 'Apache',
292 silly get     via: '1.1 varnish',
292 silly get     'last-modified': 'Sun, 15 Mar 2015 15:18:19 GMT',
292 silly get     'cache-control': 'max-age=60',
292 silly get     etag: '"7KGMR6QKRFRJ87U1CWSUWFOHN"',
292 silly get     age: '12',
292 silly get     'x-served-by': 'cache-fra1235-FRA',
292 silly get     'x-cache': 'HIT',
292 silly get     'x-cache-hits': '1',
292 silly get     'x-timer': 'S1426432699.122315,VS0,VE0',
292 silly get     vary: 'Accept',
292 silly get     'content-length': '0',
292 silly get     'keep-alive': 'timeout=10, max=48',
292 silly get     connection: 'Keep-Alive' } ]
293 verbose etag https://registry.npmjs.org/grunt-usemin from cache
294 http 304 https://registry.npmjs.org/grunt-ng-annotate
295 silly get cb [ 304,
295 silly get   { date: 'Sun, 15 Mar 2015 15:18:19 GMT',
295 silly get     server: 'Apache',
295 silly get     via: '1.1 varnish',
295 silly get     'last-modified': 'Sun, 15 Mar 2015 15:18:19 GMT',
295 silly get     'cache-control': 'max-age=60',
295 silly get     etag: '"7IEOO7LFAGOD3JYBUXPFS6UAW"',
295 silly get     age: '0',
295 silly get     'x-served-by': 'cache-fra1236-FRA',
295 silly get     'x-cache': 'HIT',
295 silly get     'x-cache-hits': '1',
295 silly get     'x-timer': 'S1426432699.058743,VS0,VE103',
295 silly get     vary: 'Accept',
295 silly get     'content-length': '0',
295 silly get     'keep-alive': 'timeout=10, max=43',
295 silly get     connection: 'Keep-Alive' } ]
296 verbose etag https://registry.npmjs.org/grunt-ng-annotate from cache
297 http 304 https://registry.npmjs.org/jshint-stylish
298 silly get cb [ 304,
298 silly get   { date: 'Sun, 15 Mar 2015 15:18:19 GMT',
298 silly get     server: 'Apache',
298 silly get     via: '1.1 varnish',
298 silly get     'last-modified': 'Sun, 15 Mar 2015 15:18:19 GMT',
298 silly get     'cache-control': 'max-age=60',
298 silly get     etag: '"D9P6FI5MW4DP9H5EBCB70RSXW"',
298 silly get     age: '12',
298 silly get     'x-served-by': 'cache-fra1236-FRA',
298 silly get     'x-cache': 'HIT',
298 silly get     'x-cache-hits': '1',
298 silly get     'x-timer': 'S1426432699.194805,VS0,VE0',
298 silly get     vary: 'Accept',
298 silly get     'content-length': '0',
298 silly get     'keep-alive': 'timeout=10, max=42',
298 silly get     connection: 'Keep-Alive' } ]
299 verbose etag https://registry.npmjs.org/jshint-stylish from cache
300 http 304 https://registry.npmjs.org/load-grunt-tasks
301 silly get cb [ 304,
301 silly get   { date: 'Sun, 15 Mar 2015 15:18:19 GMT',
301 silly get     server: 'Apache',
301 silly get     via: '1.1 varnish',
301 silly get     'last-modified': 'Sun, 15 Mar 2015 15:18:19 GMT',
301 silly get     'cache-control': 'max-age=60',
301 silly get     etag: '"1SQF7H8SYPWKAYVXYHWRN61PD"',
301 silly get     age: '11',
301 silly get     'x-served-by': 'cache-fra1236-FRA',
301 silly get     'x-cache': 'HIT',
301 silly get     'x-cache-hits': '1',
301 silly get     'x-timer': 'S1426432699.216503,VS0,VE0',
301 silly get     vary: 'Accept',
301 silly get     'content-length': '0',
301 silly get     'keep-alive': 'timeout=10, max=41',
301 silly get     connection: 'Keep-Alive' } ]
302 verbose etag https://registry.npmjs.org/load-grunt-tasks from cache
303 http 304 https://registry.npmjs.org/grunt-wiredep
304 silly get cb [ 304,
304 silly get   { date: 'Sun, 15 Mar 2015 15:18:19 GMT',
304 silly get     server: 'Apache',
304 silly get     via: '1.1 varnish',
304 silly get     'last-modified': 'Sun, 15 Mar 2015 15:18:19 GMT',
304 silly get     'cache-control': 'max-age=60',
304 silly get     etag: '"8CXR39TVP89Z6BXRY69KWANYA"',
304 silly get     age: '0',
304 silly get     'x-served-by': 'cache-fra1235-FRA',
304 silly get     'x-cache': 'HIT',
304 silly get     'x-cache-hits': '1',
304 silly get     'x-timer': 'S1426432699.176706,VS0,VE100',
304 silly get     vary: 'Accept',
304 silly get     'content-length': '0',
304 silly get     'keep-alive': 'timeout=10, max=47',
304 silly get     connection: 'Keep-Alive' } ]
305 verbose etag https://registry.npmjs.org/grunt-wiredep from cache
306 http 304 https://registry.npmjs.org/gaze
307 silly get cb [ 304,
307 silly get   { date: 'Sun, 15 Mar 2015 15:18:19 GMT',
307 silly get     server: 'Apache',
307 silly get     via: '1.1 varnish',
307 silly get     'last-modified': 'Sun, 15 Mar 2015 15:18:19 GMT',
307 silly get     'cache-control': 'max-age=60',
307 silly get     etag: '"9JKGBH5DTOY6HAW3UJFXPRTFN"',
307 silly get     age: '39',
307 silly get     'x-served-by': 'cache-fra1235-FRA',
307 silly get     'x-cache': 'HIT',
307 silly get     'x-cache-hits': '1',
307 silly get     'x-timer': 'S1426432699.310650,VS0,VE0',
307 silly get     vary: 'Accept',
307 silly get     'content-length': '0',
307 silly get     'keep-alive': 'timeout=10, max=46',
307 silly get     connection: 'Keep-Alive' } ]
308 verbose etag https://registry.npmjs.org/gaze from cache
309 http 304 https://registry.npmjs.org/tiny-lr-fork
310 silly get cb [ 304,
310 silly get   { date: 'Sun, 15 Mar 2015 15:18:19 GMT',
310 silly get     server: 'Apache',
310 silly get     via: '1.1 varnish',
310 silly get     'last-modified': 'Sun, 15 Mar 2015 15:18:19 GMT',
310 silly get     'cache-control': 'max-age=60',
310 silly get     etag: '"TD43Z2RO4VUUWY8YJNHWOUBS"',
310 silly get     age: '19',
310 silly get     'x-served-by': 'cache-fra1235-FRA',
310 silly get     'x-cache': 'HIT',
310 silly get     'x-cache-hits': '1',
310 silly get     'x-timer': 'S1426432699.340064,VS0,VE0',
310 silly get     vary: 'Accept',
310 silly get     'content-length': '0',
310 silly get     'keep-alive': 'timeout=10, max=45',
310 silly get     connection: 'Keep-Alive' } ]
311 verbose etag https://registry.npmjs.org/tiny-lr-fork from cache
312 silly mapToRegistry name globule
313 silly mapToRegistry using default registry
314 silly mapToRegistry registry https://registry.npmjs.org/
315 silly mapToRegistry uri https://registry.npmjs.org/globule
316 silly mapToRegistry name bower
317 silly mapToRegistry using default registry
318 silly mapToRegistry registry https://registry.npmjs.org/
319 silly mapToRegistry uri https://registry.npmjs.org/bower
320 silly mapToRegistry name google-cdn
321 silly mapToRegistry using default registry
322 silly mapToRegistry registry https://registry.npmjs.org/
323 silly mapToRegistry uri https://registry.npmjs.org/google-cdn
324 silly mapToRegistry name chalk
325 silly mapToRegistry using default registry
326 silly mapToRegistry registry https://registry.npmjs.org/
327 silly mapToRegistry uri https://registry.npmjs.org/chalk
328 verbose request uri https://registry.npmjs.org/globule
329 verbose request no auth needed
330 info attempt registry request try #1 at 16:18:19
331 verbose etag "6I9PN2Z7KZ8S9R75AIH85AAS"
332 http request GET https://registry.npmjs.org/globule
333 http 304 https://registry.npmjs.org/lodash
334 silly get cb [ 304,
334 silly get   { date: 'Sun, 15 Mar 2015 15:18:19 GMT',
334 silly get     server: 'Apache',
334 silly get     via: '1.1 varnish',
334 silly get     'last-modified': 'Sun, 15 Mar 2015 15:18:19 GMT',
334 silly get     'cache-control': 'max-age=60',
334 silly get     etag: '"ADODG46MH2B4C8WZM41ZDNBZ4"',
334 silly get     age: '10',
334 silly get     'x-served-by': 'cache-fra1235-FRA',
334 silly get     'x-cache': 'HIT',
334 silly get     'x-cache-hits': '1',
334 silly get     'x-timer': 'S1426432699.358946,VS0,VE0',
334 silly get     vary: 'Accept',
334 silly get     'content-length': '0',
334 silly get     'keep-alive': 'timeout=10, max=44',
334 silly get     connection: 'Keep-Alive' } ]
335 verbose etag https://registry.npmjs.org/lodash from cache
336 verbose request uri https://registry.npmjs.org/google-cdn
337 verbose request no auth needed
338 info attempt registry request try #1 at 16:18:19
339 verbose etag "2CGSJX2OKMRFX6R6SVDTGWEGI"
340 http request GET https://registry.npmjs.org/google-cdn
341 verbose request uri https://registry.npmjs.org/bower
342 verbose request no auth needed
343 info attempt registry request try #1 at 16:18:19
344 verbose etag "66AAK138QH2KHBLC7QF85C7KX"
345 http request GET https://registry.npmjs.org/bower
346 verbose request uri https://registry.npmjs.org/chalk
347 verbose request no auth needed
348 info attempt registry request try #1 at 16:18:19
349 verbose etag "7U51YQGM01M0T5YNVPZUTWNQP"
350 http request GET https://registry.npmjs.org/chalk
351 silly mapToRegistry name qs
352 silly mapToRegistry using default registry
353 silly mapToRegistry registry https://registry.npmjs.org/
354 silly mapToRegistry uri https://registry.npmjs.org/qs
355 silly mapToRegistry name faye-websocket
356 silly mapToRegistry using default registry
357 silly mapToRegistry registry https://registry.npmjs.org/
358 silly mapToRegistry uri https://registry.npmjs.org/faye-websocket
359 silly mapToRegistry name noptify
360 silly mapToRegistry using default registry
361 silly mapToRegistry registry https://registry.npmjs.org/
362 silly mapToRegistry uri https://registry.npmjs.org/noptify
363 silly mapToRegistry name debug
364 silly mapToRegistry using default registry
365 silly mapToRegistry registry https://registry.npmjs.org/
366 silly mapToRegistry uri https://registry.npmjs.org/debug
367 verbose request uri https://registry.npmjs.org/qs
368 verbose request no auth needed
369 info attempt registry request try #1 at 16:18:19
370 verbose etag "E4OAMZ0YUGKFWI4TDFREILSBQ"
371 http request GET https://registry.npmjs.org/qs
372 verbose request uri https://registry.npmjs.org/faye-websocket
373 verbose request no auth needed
374 info attempt registry request try #1 at 16:18:19
375 verbose etag "ALH1TKEUXAY54TWAKDOMMHB9I"
376 http request GET https://registry.npmjs.org/faye-websocket
377 verbose request uri https://registry.npmjs.org/debug
378 verbose request no auth needed
379 info attempt registry request try #1 at 16:18:19
380 verbose etag "CYV0EKRSXGM11EZ3TMSK4JST1"
381 http request GET https://registry.npmjs.org/debug
382 verbose request uri https://registry.npmjs.org/noptify
383 verbose request no auth needed
384 info attempt registry request try #1 at 16:18:19
385 verbose etag "32V2MRDBWAPILN62VQUPOU1NX"
386 http request GET https://registry.npmjs.org/noptify
387 http 304 https://registry.npmjs.org/async
388 silly get cb [ 304,
388 silly get   { date: 'Sun, 15 Mar 2015 15:18:19 GMT',
388 silly get     server: 'Apache',
388 silly get     via: '1.1 varnish',
388 silly get     'last-modified': 'Sun, 15 Mar 2015 15:18:00 GMT',
388 silly get     'cache-control': 'max-age=60',
388 silly get     etag: '"BQ6ZFI6EQUYWFNMSKGVW1IW9P"',
388 silly get     age: '55',
388 silly get     'x-served-by': 'cache-fra1235-FRA',
388 silly get     'x-cache': 'HIT',
388 silly get     'x-cache-hits': '6',
388 silly get     'x-timer': 'S1426432699.381484,VS0,VE0',
388 silly get     vary: 'Accept',
388 silly get     'content-length': '0',
388 silly get     'keep-alive': 'timeout=10, max=43',
388 silly get     connection: 'Keep-Alive' } ]
389 verbose etag https://registry.npmjs.org/async from cache
390 http 304 https://registry.npmjs.org/globule
391 silly get cb [ 304,
391 silly get   { date: 'Sun, 15 Mar 2015 15:18:19 GMT',
391 silly get     server: 'Apache',
391 silly get     via: '1.1 varnish',
391 silly get     'last-modified': 'Sun, 15 Mar 2015 15:18:19 GMT',
391 silly get     'cache-control': 'max-age=60',
391 silly get     etag: '"6I9PN2Z7KZ8S9R75AIH85AAS"',
391 silly get     age: '5',
391 silly get     'x-served-by': 'cache-fra1235-FRA',
391 silly get     'x-cache': 'HIT',
391 silly get     'x-cache-hits': '1',
391 silly get     'x-timer': 'S1426432699.400746,VS0,VE0',
391 silly get     vary: 'Accept',
391 silly get     'content-length': '0',
391 silly get     'keep-alive': 'timeout=10, max=42',
391 silly get     connection: 'Keep-Alive' } ]
392 verbose etag https://registry.npmjs.org/globule from cache
393 http 304 https://registry.npmjs.org/google-cdn
394 silly get cb [ 304,
394 silly get   { date: 'Sun, 15 Mar 2015 15:18:19 GMT',
394 silly get     server: 'Apache',
394 silly get     via: '1.1 varnish',
394 silly get     'last-modified': 'Sun, 15 Mar 2015 15:18:12 GMT',
394 silly get     'cache-control': 'max-age=60',
394 silly get     etag: '"2CGSJX2OKMRFX6R6SVDTGWEGI"',
394 silly get     age: '6',
394 silly get     'x-served-by': 'cache-fra1235-FRA',
394 silly get     'x-cache': 'HIT',
394 silly get     'x-cache-hits': '2',
394 silly get     'x-timer': 'S1426432699.421310,VS0,VE0',
394 silly get     vary: 'Accept',
394 silly get     'content-length': '0',
394 silly get     'keep-alive': 'timeout=10, max=41',
394 silly get     connection: 'Keep-Alive' } ]
395 verbose etag https://registry.npmjs.org/google-cdn from cache
396 http 304 https://registry.npmjs.org/grunt-filerev
397 silly get cb [ 304,
397 silly get   { date: 'Sun, 15 Mar 2015 15:18:19 GMT',
397 silly get     server: 'Apache',
397 silly get     via: '1.1 varnish',
397 silly get     'last-modified': 'Sun, 15 Mar 2015 15:18:19 GMT',
397 silly get     'cache-control': 'max-age=60',
397 silly get     etag: '"2L2ED4R8A7P9V6W75IYLVQ999"',
397 silly get     age: '0',
397 silly get     'x-served-by': 'cache-fra1223-FRA',
397 silly get     'x-cache': 'HIT',
397 silly get     'x-cache-hits': '1',
397 silly get     'x-timer': 'S1426432699.005534,VS0,VE435',
397 silly get     vary: 'Accept',
397 silly get     'content-length': '0',
397 silly get     'keep-alive': 'timeout=10, max=45',
397 silly get     connection: 'Keep-Alive' } ]
398 verbose etag https://registry.npmjs.org/grunt-filerev from cache
399 http 304 https://registry.npmjs.org/bower
400 silly get cb [ 304,
400 silly get   { date: 'Sun, 15 Mar 2015 15:18:19 GMT',
400 silly get     server: 'Apache',
400 silly get     via: '1.1 varnish',
400 silly get     'last-modified': 'Sun, 15 Mar 2015 15:18:19 GMT',
400 silly get     'cache-control': 'max-age=60',
400 silly get     etag: '"66AAK138QH2KHBLC7QF85C7KX"',
400 silly get     age: '19',
400 silly get     'x-served-by': 'cache-fra1235-FRA',
400 silly get     'x-cache': 'HIT',
400 silly get     'x-cache-hits': '1',
400 silly get     'x-timer': 'S1426432699.440494,VS0,VE1',
400 silly get     vary: 'Accept',
400 silly get     'content-length': '0',
400 silly get     'keep-alive': 'timeout=10, max=40',
400 silly get     connection: 'Keep-Alive' } ]
401 verbose etag https://registry.npmjs.org/bower from cache
402 http 304 https://registry.npmjs.org/qs
403 silly get cb [ 304,
403 silly get   { date: 'Sun, 15 Mar 2015 15:18:19 GMT',
403 silly get     server: 'Apache',
403 silly get     via: '1.1 varnish',
403 silly get     'last-modified': 'Sun, 15 Mar 2015 15:17:44 GMT',
403 silly get     'cache-control': 'max-age=60',
403 silly get     etag: '"E4OAMZ0YUGKFWI4TDFREILSBQ"',
403 silly get     age: '43',
403 silly get     'x-served-by': 'cache-fra1235-FRA',
403 silly get     'x-cache': 'HIT',
403 silly get     'x-cache-hits': '4',
403 silly get     'x-timer': 'S1426432699.461202,VS0,VE0',
403 silly get     vary: 'Accept',
403 silly get     'content-length': '0',
403 silly get     'keep-alive': 'timeout=10, max=39',
403 silly get     connection: 'Keep-Alive' } ]
404 verbose etag https://registry.npmjs.org/qs from cache
405 http 304 https://registry.npmjs.org/chalk
406 silly get cb [ 304,
406 silly get   { date: 'Sun, 15 Mar 2015 15:18:19 GMT',
406 silly get     server: 'Apache',
406 silly get     via: '1.1 varnish',
406 silly get     'last-modified': 'Sun, 15 Mar 2015 15:18:19 GMT',
406 silly get     'cache-control': 'max-age=60',
406 silly get     etag: '"7U51YQGM01M0T5YNVPZUTWNQP"',
406 silly get     age: '35',
406 silly get     'x-served-by': 'cache-fra1223-FRA',
406 silly get     'x-cache': 'HIT',
406 silly get     'x-cache-hits': '1',
406 silly get     'x-timer': 'S1426432699.461542,VS0,VE0',
406 silly get     vary: 'Accept',
406 silly get     'content-length': '0',
406 silly get     'keep-alive': 'timeout=10, max=44',
406 silly get     connection: 'Keep-Alive' } ]
407 verbose etag https://registry.npmjs.org/chalk from cache
408 http 304 https://registry.npmjs.org/faye-websocket
409 silly get cb [ 304,
409 silly get   { date: 'Sun, 15 Mar 2015 15:18:19 GMT',
409 silly get     server: 'Apache',
409 silly get     via: '1.1 varnish',
409 silly get     'last-modified': 'Sun, 15 Mar 2015 15:18:19 GMT',
409 silly get     'cache-control': 'max-age=60',
409 silly get     etag: '"ALH1TKEUXAY54TWAKDOMMHB9I"',
409 silly get     age: '17',
409 silly get     'x-served-by': 'cache-fra1235-FRA',
409 silly get     'x-cache': 'HIT',
409 silly get     'x-cache-hits': '1',
409 silly get     'x-timer': 'S1426432699.485001,VS0,VE0',
409 silly get     vary: 'Accept',
409 silly get     'content-length': '0',
409 silly get     'keep-alive': 'timeout=10, max=38',
409 silly get     connection: 'Keep-Alive' } ]
410 verbose etag https://registry.npmjs.org/faye-websocket from cache
411 http 304 https://registry.npmjs.org/debug
412 silly get cb [ 304,
412 silly get   { date: 'Sun, 15 Mar 2015 15:18:19 GMT',
412 silly get     server: 'Apache',
412 silly get     via: '1.1 varnish',
412 silly get     'last-modified': 'Sun, 15 Mar 2015 15:18:19 GMT',
412 silly get     'cache-control': 'max-age=60',
412 silly get     etag: '"CYV0EKRSXGM11EZ3TMSK4JST1"',
412 silly get     age: '17',
412 silly get     'x-served-by': 'cache-fra1223-FRA',
412 silly get     'x-cache': 'HIT',
412 silly get     'x-cache-hits': '1',
412 silly get     'x-timer': 'S1426432699.486356,VS0,VE0',
412 silly get     vary: 'Accept',
412 silly get     'content-length': '0',
412 silly get     'keep-alive': 'timeout=10, max=43',
412 silly get     connection: 'Keep-Alive' } ]
413 verbose etag https://registry.npmjs.org/debug from cache
414 http 304 https://registry.npmjs.org/noptify
415 silly get cb [ 304,
415 silly get   { date: 'Sun, 15 Mar 2015 15:18:19 GMT',
415 silly get     server: 'Apache',
415 silly get     via: '1.1 varnish',
415 silly get     'last-modified': 'Sun, 15 Mar 2015 15:18:19 GMT',
415 silly get     'cache-control': 'max-age=60',
415 silly get     etag: '"32V2MRDBWAPILN62VQUPOU1NX"',
415 silly get     age: '17',
415 silly get     'x-served-by': 'cache-fra1235-FRA',
415 silly get     'x-cache': 'HIT',
415 silly get     'x-cache-hits': '1',
415 silly get     'x-timer': 'S1426432699.515618,VS0,VE0',
415 silly get     vary: 'Accept',
415 silly get     'content-length': '0',
415 silly get     'keep-alive': 'timeout=10, max=37',
415 silly get     connection: 'Keep-Alive' } ]
416 verbose etag https://registry.npmjs.org/noptify from cache
417 silly mapToRegistry name nopt
418 silly mapToRegistry using default registry
419 silly mapToRegistry registry https://registry.npmjs.org/
420 silly mapToRegistry uri https://registry.npmjs.org/nopt
421 verbose request uri https://registry.npmjs.org/nopt
422 verbose request no auth needed
423 info attempt registry request try #1 at 16:18:19
424 verbose etag "6WG84PL4HOJXWUNXGTBHT4ADP"
425 http request GET https://registry.npmjs.org/nopt
426 silly mapToRegistry name abbrev
427 silly mapToRegistry using default registry
428 silly mapToRegistry registry https://registry.npmjs.org/
429 silly mapToRegistry uri https://registry.npmjs.org/abbrev
430 silly mapToRegistry name archy
431 silly mapToRegistry using default registry
432 silly mapToRegistry registry https://registry.npmjs.org/
433 silly mapToRegistry uri https://registry.npmjs.org/archy
434 silly mapToRegistry name bower-config
435 silly mapToRegistry using default registry
436 silly mapToRegistry registry https://registry.npmjs.org/
437 silly mapToRegistry uri https://registry.npmjs.org/bower-config
438 silly mapToRegistry name bower-endpoint-parser
439 silly mapToRegistry using default registry
440 silly mapToRegistry registry https://registry.npmjs.org/
441 silly mapToRegistry uri https://registry.npmjs.org/bower-endpoint-parser
442 silly mapToRegistry name bower-json
443 silly mapToRegistry using default registry
444 silly mapToRegistry registry https://registry.npmjs.org/
445 silly mapToRegistry uri https://registry.npmjs.org/bower-json
446 silly mapToRegistry name bower-logger
447 silly mapToRegistry using default registry
448 silly mapToRegistry registry https://registry.npmjs.org/
449 silly mapToRegistry uri https://registry.npmjs.org/bower-logger
450 silly mapToRegistry name bower-registry-client
451 silly mapToRegistry using default registry
452 silly mapToRegistry registry https://registry.npmjs.org/
453 silly mapToRegistry uri https://registry.npmjs.org/bower-registry-client
454 silly mapToRegistry name cardinal
455 silly mapToRegistry using default registry
456 silly mapToRegistry registry https://registry.npmjs.org/
457 silly mapToRegistry uri https://registry.npmjs.org/cardinal
458 silly mapToRegistry name chalk
459 silly mapToRegistry using default registry
460 silly mapToRegistry registry https://registry.npmjs.org/
461 silly mapToRegistry uri https://registry.npmjs.org/chalk
462 silly mapToRegistry name chmodr
463 silly mapToRegistry using default registry
464 silly mapToRegistry registry https://registry.npmjs.org/
465 silly mapToRegistry uri https://registry.npmjs.org/chmodr
466 silly mapToRegistry name decompress-zip
467 silly mapToRegistry using default registry
468 silly mapToRegistry registry https://registry.npmjs.org/
469 silly mapToRegistry uri https://registry.npmjs.org/decompress-zip
470 silly mapToRegistry name fstream
471 silly mapToRegistry using default registry
472 silly mapToRegistry registry https://registry.npmjs.org/
473 silly mapToRegistry uri https://registry.npmjs.org/fstream
474 silly mapToRegistry name fstream-ignore
475 silly mapToRegistry using default registry
476 silly mapToRegistry registry https://registry.npmjs.org/
477 silly mapToRegistry uri https://registry.npmjs.org/fstream-ignore
478 silly mapToRegistry name glob
479 silly mapToRegistry using default registry
480 silly mapToRegistry registry https://registry.npmjs.org/
481 silly mapToRegistry uri https://registry.npmjs.org/glob
482 silly mapToRegistry name graceful-fs
483 silly mapToRegistry using default registry
484 silly mapToRegistry registry https://registry.npmjs.org/
485 silly mapToRegistry uri https://registry.npmjs.org/graceful-fs
486 silly mapToRegistry name handlebars
487 silly mapToRegistry using default registry
488 silly mapToRegistry registry https://registry.npmjs.org/
489 silly mapToRegistry uri https://registry.npmjs.org/handlebars
490 silly mapToRegistry name inquirer
491 silly mapToRegistry using default registry
492 silly mapToRegistry registry https://registry.npmjs.org/
493 silly mapToRegistry uri https://registry.npmjs.org/inquirer
494 silly mapToRegistry name insight
495 silly mapToRegistry using default registry
496 silly mapToRegistry registry https://registry.npmjs.org/
497 silly mapToRegistry uri https://registry.npmjs.org/insight
498 silly mapToRegistry name is-root
499 silly mapToRegistry using default registry
500 silly mapToRegistry registry https://registry.npmjs.org/
501 silly mapToRegistry uri https://registry.npmjs.org/is-root
502 silly mapToRegistry name junk
503 silly mapToRegistry using default registry
504 silly mapToRegistry registry https://registry.npmjs.org/
505 silly mapToRegistry uri https://registry.npmjs.org/junk
506 silly mapToRegistry name lockfile
507 silly mapToRegistry using default registry
508 silly mapToRegistry registry https://registry.npmjs.org/
509 silly mapToRegistry uri https://registry.npmjs.org/lockfile
510 silly mapToRegistry name lru-cache
511 silly mapToRegistry using default registry
512 silly mapToRegistry registry https://registry.npmjs.org/
513 silly mapToRegistry uri https://registry.npmjs.org/lru-cache
514 silly mapToRegistry name mkdirp
515 silly mapToRegistry using default registry
516 silly mapToRegistry registry https://registry.npmjs.org/
517 silly mapToRegistry uri https://registry.npmjs.org/mkdirp
518 silly mapToRegistry name mout
519 silly mapToRegistry using default registry
520 silly mapToRegistry registry https://registry.npmjs.org/
521 silly mapToRegistry uri https://registry.npmjs.org/mout
522 silly mapToRegistry name nopt
523 silly mapToRegistry using default registry
524 silly mapToRegistry registry https://registry.npmjs.org/
525 silly mapToRegistry uri https://registry.npmjs.org/nopt
526 silly mapToRegistry name opn
527 silly mapToRegistry using default registry
528 silly mapToRegistry registry https://registry.npmjs.org/
529 silly mapToRegistry uri https://registry.npmjs.org/opn
530 silly mapToRegistry name osenv
531 silly mapToRegistry using default registry
532 silly mapToRegistry registry https://registry.npmjs.org/
533 silly mapToRegistry uri https://registry.npmjs.org/osenv
534 silly mapToRegistry name p-throttler
535 silly mapToRegistry using default registry
536 silly mapToRegistry registry https://registry.npmjs.org/
537 silly mapToRegistry uri https://registry.npmjs.org/p-throttler
538 silly mapToRegistry name promptly
539 silly mapToRegistry using default registry
540 silly mapToRegistry registry https://registry.npmjs.org/
541 silly mapToRegistry uri https://registry.npmjs.org/promptly
542 silly mapToRegistry name q
543 silly mapToRegistry using default registry
544 silly mapToRegistry registry https://registry.npmjs.org/
545 silly mapToRegistry uri https://registry.npmjs.org/q
546 silly mapToRegistry name request
547 silly mapToRegistry using default registry
548 silly mapToRegistry registry https://registry.npmjs.org/
549 silly mapToRegistry uri https://registry.npmjs.org/request
550 silly mapToRegistry name request-progress
551 silly mapToRegistry using default registry
552 silly mapToRegistry registry https://registry.npmjs.org/
553 silly mapToRegistry uri https://registry.npmjs.org/request-progress
554 silly mapToRegistry name retry
555 silly mapToRegistry using default registry
556 silly mapToRegistry registry https://registry.npmjs.org/
557 silly mapToRegistry uri https://registry.npmjs.org/retry
558 silly mapToRegistry name rimraf
559 silly mapToRegistry using default registry
560 silly mapToRegistry registry https://registry.npmjs.org/
561 silly mapToRegistry uri https://registry.npmjs.org/rimraf
562 silly mapToRegistry name semver
563 silly mapToRegistry using default registry
564 silly mapToRegistry registry https://registry.npmjs.org/
565 silly mapToRegistry uri https://registry.npmjs.org/semver
566 silly mapToRegistry name shell-quote
567 silly mapToRegistry using default registry
568 silly mapToRegistry registry https://registry.npmjs.org/
569 silly mapToRegistry uri https://registry.npmjs.org/shell-quote
570 silly mapToRegistry name stringify-object
571 silly mapToRegistry using default registry
572 silly mapToRegistry registry https://registry.npmjs.org/
573 silly mapToRegistry uri https://registry.npmjs.org/stringify-object
574 silly mapToRegistry name tar-fs
575 silly mapToRegistry using default registry
576 silly mapToRegistry registry https://registry.npmjs.org/
577 silly mapToRegistry uri https://registry.npmjs.org/tar-fs
578 silly mapToRegistry name tmp
579 silly mapToRegistry using default registry
580 silly mapToRegistry registry https://registry.npmjs.org/
581 silly mapToRegistry uri https://registry.npmjs.org/tmp
582 silly mapToRegistry name update-notifier
583 silly mapToRegistry using default registry
584 silly mapToRegistry registry https://registry.npmjs.org/
585 silly mapToRegistry uri https://registry.npmjs.org/update-notifier
586 silly mapToRegistry name which
587 silly mapToRegistry using default registry
588 silly mapToRegistry registry https://registry.npmjs.org/
589 silly mapToRegistry uri https://registry.npmjs.org/which
590 verbose request uri https://registry.npmjs.org/abbrev
591 verbose request no auth needed
592 info attempt registry request try #1 at 16:18:19
593 verbose etag "4OAPR8TTN5F1P06SGTMP73P2O"
594 http request GET https://registry.npmjs.org/abbrev
595 verbose request uri https://registry.npmjs.org/archy
596 verbose request no auth needed
597 info attempt registry request try #1 at 16:18:19
598 verbose etag "4DRHLYLQYX2GTYZKVEZ5DBNHC"
599 http request GET https://registry.npmjs.org/archy
600 verbose request uri https://registry.npmjs.org/bower-endpoint-parser
601 verbose request no auth needed
602 info attempt registry request try #1 at 16:18:19
603 verbose etag "7AQXYZCXXMDJNPLNA62DDQU91"
604 http request GET https://registry.npmjs.org/bower-endpoint-parser
605 verbose request uri https://registry.npmjs.org/bower-config
606 verbose request no auth needed
607 info attempt registry request try #1 at 16:18:19
608 verbose etag "GRPXR3RGWGUDRYAYNV4UTNRX"
609 http request GET https://registry.npmjs.org/bower-config
610 verbose request uri https://registry.npmjs.org/bower-json
611 verbose request no auth needed
612 info attempt registry request try #1 at 16:18:19
613 verbose etag "80W5H49L7TEFGIY7YQOUBVZIM"
614 http request GET https://registry.npmjs.org/bower-json
615 verbose request uri https://registry.npmjs.org/bower-logger
616 verbose request no auth needed
617 info attempt registry request try #1 at 16:18:19
618 verbose etag "6AE52B3OISQO0MBB33XXSTLIW"
619 http request GET https://registry.npmjs.org/bower-logger
620 verbose request uri https://registry.npmjs.org/bower-registry-client
621 verbose request no auth needed
622 info attempt registry request try #1 at 16:18:19
623 verbose etag "Q2DKEDYHK1EGKMQLN2NFKRME"
624 http request GET https://registry.npmjs.org/bower-registry-client
625 verbose request uri https://registry.npmjs.org/cardinal
626 verbose request no auth needed
627 info attempt registry request try #1 at 16:18:19
628 verbose etag "AO7EOXR2BGQ38CC33L9B68FBD"
629 http request GET https://registry.npmjs.org/cardinal
630 verbose get https://registry.npmjs.org/chalk not expired, no request
631 verbose request uri https://registry.npmjs.org/chmodr
632 verbose request no auth needed
633 info attempt registry request try #1 at 16:18:19
634 verbose etag "F01RM11AQX0PZOX3W5070RX66"
635 http request GET https://registry.npmjs.org/chmodr
636 verbose request uri https://registry.npmjs.org/decompress-zip
637 verbose request no auth needed
638 info attempt registry request try #1 at 16:18:19
639 verbose etag "6V4TDXPWXD0COW8HN56ZWIVI5"
640 http request GET https://registry.npmjs.org/decompress-zip
641 verbose request uri https://registry.npmjs.org/fstream
642 verbose request no auth needed
643 info attempt registry request try #1 at 16:18:19
644 verbose etag "BOYLPF2YSFIL0TJVUQ8MYFGDD"
645 http request GET https://registry.npmjs.org/fstream
646 verbose request uri https://registry.npmjs.org/fstream-ignore
647 verbose request no auth needed
648 info attempt registry request try #1 at 16:18:19
649 verbose etag "CAHV03J2GXEXNP8NWCHN8X3J4"
650 http request GET https://registry.npmjs.org/fstream-ignore
651 verbose request uri https://registry.npmjs.org/glob
652 verbose request no auth needed
653 info attempt registry request try #1 at 16:18:19
654 verbose etag "2Y8FOLDK10B9B1P7LWMFZKMZV"
655 http request GET https://registry.npmjs.org/glob
656 verbose request uri https://registry.npmjs.org/graceful-fs
657 verbose request no auth needed
658 info attempt registry request try #1 at 16:18:19
659 verbose etag "EUBZ1CNP8G7CCWLJTEL9LHR4Q"
660 http request GET https://registry.npmjs.org/graceful-fs
661 verbose request uri https://registry.npmjs.org/handlebars
662 verbose request no auth needed
663 info attempt registry request try #1 at 16:18:19
664 verbose etag "F1VG4UJ6DSV9C44HIK55EQ4XO"
665 http request GET https://registry.npmjs.org/handlebars
666 verbose request uri https://registry.npmjs.org/insight
667 verbose request no auth needed
668 info attempt registry request try #1 at 16:18:19
669 verbose etag "8Z4XSTKO86HO4UF3E51LOO7CL"
670 http request GET https://registry.npmjs.org/insight
671 verbose request uri https://registry.npmjs.org/inquirer
672 verbose request no auth needed
673 info attempt registry request try #1 at 16:18:19
674 verbose etag "BV2YFYXR01CZHHJVU76MGLGL8"
675 http request GET https://registry.npmjs.org/inquirer
676 verbose request uri https://registry.npmjs.org/is-root
677 verbose request no auth needed
678 info attempt registry request try #1 at 16:18:19
679 verbose etag "22PA4B6F97DBC3DEMM0GE7EXB"
680 http request GET https://registry.npmjs.org/is-root
681 verbose request uri https://registry.npmjs.org/junk
682 verbose request no auth needed
683 info attempt registry request try #1 at 16:18:19
684 verbose etag "7AFH1V502JA9F3AIO0MWQ1TS7"
685 http request GET https://registry.npmjs.org/junk
686 verbose request uri https://registry.npmjs.org/lockfile
687 verbose request no auth needed
688 info attempt registry request try #1 at 16:18:19
689 verbose etag "C8CMFDYGMYQOXEHB8WME411YW"
690 http request GET https://registry.npmjs.org/lockfile
691 verbose request uri https://registry.npmjs.org/lru-cache
692 verbose request no auth needed
693 info attempt registry request try #1 at 16:18:19
694 verbose etag "8FG71A0GENBGO2H9IVT4WXMV3"
695 http request GET https://registry.npmjs.org/lru-cache
696 verbose request uri https://registry.npmjs.org/mkdirp
697 verbose request no auth needed
698 info attempt registry request try #1 at 16:18:19
699 verbose etag "65Z5D34AN52GDN3EQZM4X9EZA"
700 http request GET https://registry.npmjs.org/mkdirp
701 verbose request uri https://registry.npmjs.org/mout
702 verbose request no auth needed
703 info attempt registry request try #1 at 16:18:19
704 verbose etag "7LQW36PKK1FPD83R54VWIK8KX"
705 http request GET https://registry.npmjs.org/mout
706 verbose request uri https://registry.npmjs.org/nopt
707 verbose request no auth needed
708 info attempt registry request try #1 at 16:18:19
709 verbose etag "6WG84PL4HOJXWUNXGTBHT4ADP"
710 http request GET https://registry.npmjs.org/nopt
711 verbose request uri https://registry.npmjs.org/opn
712 verbose request no auth needed
713 info attempt registry request try #1 at 16:18:19
714 verbose etag "B6D1ZKOAKV4G5V4MJMG16MZ54"
715 http request GET https://registry.npmjs.org/opn
716 verbose request uri https://registry.npmjs.org/osenv
717 verbose request no auth needed
718 info attempt registry request try #1 at 16:18:19
719 verbose etag "1WY8NBYUCES75C26485P5EBIE"
720 http request GET https://registry.npmjs.org/osenv
721 verbose request uri https://registry.npmjs.org/p-throttler
722 verbose request no auth needed
723 info attempt registry request try #1 at 16:18:19
724 verbose etag "9ZW4U43TXJFHHBCDI7PECVHIC"
725 http request GET https://registry.npmjs.org/p-throttler
726 verbose request uri https://registry.npmjs.org/promptly
727 verbose request no auth needed
728 info attempt registry request try #1 at 16:18:19
729 verbose etag "EZBTHXTNYSR820JJUCJS1TWOH"
730 http request GET https://registry.npmjs.org/promptly
731 verbose request uri https://registry.npmjs.org/q
732 verbose request no auth needed
733 info attempt registry request try #1 at 16:18:19
734 verbose etag "DAR566G6C7YKBEVZO6HOGA1NT"
735 http request GET https://registry.npmjs.org/q
736 verbose request uri https://registry.npmjs.org/request
737 verbose request no auth needed
738 info attempt registry request try #1 at 16:18:19
739 verbose etag "7WBHJ6TFPURU822Y0BEWZL78D"
740 http request GET https://registry.npmjs.org/request
741 verbose request uri https://registry.npmjs.org/request-progress
742 verbose request no auth needed
743 info attempt registry request try #1 at 16:18:19
744 verbose etag "QOOP3D6QHZAF9XT8P3KHULW6"
745 http request GET https://registry.npmjs.org/request-progress
746 verbose request uri https://registry.npmjs.org/rimraf
747 verbose request no auth needed
748 info attempt registry request try #1 at 16:18:19
749 verbose etag "CBCE428ER7XGZA7DZTSRTKT4L"
750 http request GET https://registry.npmjs.org/rimraf
751 verbose request uri https://registry.npmjs.org/retry
752 verbose request no auth needed
753 info attempt registry request try #1 at 16:18:19
754 verbose etag "ONM03E171EIXVBK5ONWHVCIX"
755 http request GET https://registry.npmjs.org/retry
756 verbose request uri https://registry.npmjs.org/shell-quote
757 verbose request no auth needed
758 info attempt registry request try #1 at 16:18:19
759 verbose etag "ATMD7CD3OC9XMHSOVSG0847CV"
760 http request GET https://registry.npmjs.org/shell-quote
761 verbose request uri https://registry.npmjs.org/stringify-object
762 verbose request no auth needed
763 info attempt registry request try #1 at 16:18:19
764 verbose etag "9XYD19LQBHJQ52G3D3UP6RX27"
765 http request GET https://registry.npmjs.org/stringify-object
766 verbose request uri https://registry.npmjs.org/semver
767 verbose request no auth needed
768 info attempt registry request try #1 at 16:18:19
769 verbose etag "688V87CKZ8TX8SKX14NKYPXRG"
770 http request GET https://registry.npmjs.org/semver
771 verbose request uri https://registry.npmjs.org/tmp
772 verbose request no auth needed
773 info attempt registry request try #1 at 16:18:19
774 verbose etag "1YYKITO166SGLNYGEIKEP42S4"
775 http request GET https://registry.npmjs.org/tmp
776 verbose request uri https://registry.npmjs.org/tar-fs
777 verbose request no auth needed
778 info attempt registry request try #1 at 16:18:19
779 verbose etag "AXMWWOQ8H8REQQYEOMP6LVGAE"
780 http request GET https://registry.npmjs.org/tar-fs
781 verbose request uri https://registry.npmjs.org/which
782 verbose request no auth needed
783 info attempt registry request try #1 at 16:18:19
784 verbose etag "9A0V0FKAOSXJMZEKCJEKJJQ2B"
785 http request GET https://registry.npmjs.org/which
786 verbose request uri https://registry.npmjs.org/update-notifier
787 verbose request no auth needed
788 info attempt registry request try #1 at 16:18:19
789 verbose etag "15IP42LYHCTTLU0GVDXABYF8L"
790 http request GET https://registry.npmjs.org/update-notifier
791 http 304 https://registry.npmjs.org/nopt
792 silly get cb [ 304,
792 silly get   { date: 'Sun, 15 Mar 2015 15:18:19 GMT',
792 silly get     server: 'Apache',
792 silly get     via: '1.1 varnish',
792 silly get     'last-modified': 'Sun, 15 Mar 2015 15:18:18 GMT',
792 silly get     'cache-control': 'max-age=60',
792 silly get     etag: '"6WG84PL4HOJXWUNXGTBHT4ADP"',
792 silly get     age: '59',
792 silly get     'x-served-by': 'cache-fra1222-FRA',
792 silly get     'x-cache': 'HIT',
792 silly get     'x-cache-hits': '2',
792 silly get     'x-timer': 'S1426432699.682803,VS0,VE0',
792 silly get     vary: 'Accept',
792 silly get     'content-length': '0',
792 silly get     'keep-alive': 'timeout=10, max=50',
792 silly get     connection: 'Keep-Alive' } ]
793 verbose etag https://registry.npmjs.org/nopt from cache
794 http 304 https://registry.npmjs.org/archy
795 silly get cb [ 304,
795 silly get   { date: 'Sun, 15 Mar 2015 15:18:19 GMT',
795 silly get     server: 'Apache',
795 silly get     via: '1.1 varnish',
795 silly get     'last-modified': 'Sun, 15 Mar 2015 15:18:19 GMT',
795 silly get     'cache-control': 'max-age=60',
795 silly get     etag: '"4DRHLYLQYX2GTYZKVEZ5DBNHC"',
795 silly get     age: '17',
795 silly get     'x-served-by': 'cache-fra1222-FRA',
795 silly get     'x-cache': 'HIT',
795 silly get     'x-cache-hits': '1',
795 silly get     'x-timer': 'S1426432699.702457,VS0,VE0',
795 silly get     vary: 'Accept',
795 silly get     'content-length': '0',
795 silly get     'keep-alive': 'timeout=10, max=49',
795 silly get     connection: 'Keep-Alive' } ]
796 verbose etag https://registry.npmjs.org/archy from cache
797 http 304 https://registry.npmjs.org/bower-endpoint-parser
798 silly get cb [ 304,
798 silly get   { date: 'Sun, 15 Mar 2015 15:18:19 GMT',
798 silly get     server: 'Apache',
798 silly get     via: '1.1 varnish',
798 silly get     'last-modified': 'Sun, 15 Mar 2015 15:18:19 GMT',
798 silly get     'cache-control': 'max-age=60',
798 silly get     etag: '"7AQXYZCXXMDJNPLNA62DDQU91"',
798 silly get     age: '24',
798 silly get     'x-served-by': 'cache-fra1222-FRA',
798 silly get     'x-cache': 'HIT',
798 silly get     'x-cache-hits': '1',
798 silly get     'x-timer': 'S1426432699.723489,VS0,VE0',
798 silly get     vary: 'Accept',
798 silly get     'content-length': '0',
798 silly get     'keep-alive': 'timeout=10, max=48',
798 silly get     connection: 'Keep-Alive' } ]
799 verbose etag https://registry.npmjs.org/bower-endpoint-parser from cache
800 http 304 https://registry.npmjs.org/abbrev
801 silly get cb [ 304,
801 silly get   { date: 'Sun, 15 Mar 2015 15:18:19 GMT',
801 silly get     server: 'Apache',
801 silly get     via: '1.1 varnish',
801 silly get     'last-modified': 'Sun, 15 Mar 2015 15:17:53 GMT',
801 silly get     'cache-control': 'max-age=60',
801 silly get     etag: '"4OAPR8TTN5F1P06SGTMP73P2O"',
801 silly get     age: '57',
801 silly get     'x-served-by': 'cache-fra1225-FRA',
801 silly get     'x-cache': 'HIT',
801 silly get     'x-cache-hits': '2',
801 silly get     'x-timer': 'S1426432699.731640,VS0,VE0',
801 silly get     vary: 'Accept',
801 silly get     'content-length': '0',
801 silly get     'keep-alive': 'timeout=10, max=50',
801 silly get     connection: 'Keep-Alive' } ]
802 verbose etag https://registry.npmjs.org/abbrev from cache
803 http 304 https://registry.npmjs.org/bower-config
804 silly get cb [ 304,
804 silly get   { date: 'Sun, 15 Mar 2015 15:18:19 GMT',
804 silly get     server: 'Apache',
804 silly get     via: '1.1 varnish',
804 silly get     'last-modified': 'Sun, 15 Mar 2015 15:18:19 GMT',
804 silly get     'cache-control': 'max-age=60',
804 silly get     etag: '"GRPXR3RGWGUDRYAYNV4UTNRX"',
804 silly get     age: '17',
804 silly get     'x-served-by': 'cache-fra1222-FRA',
804 silly get     'x-cache': 'HIT',
804 silly get     'x-cache-hits': '1',
804 silly get     'x-timer': 'S1426432699.744453,VS0,VE0',
804 silly get     vary: 'Accept',
804 silly get     'content-length': '0',
804 silly get     'keep-alive': 'timeout=10, max=47',
804 silly get     connection: 'Keep-Alive' } ]
805 verbose etag https://registry.npmjs.org/bower-config from cache
806 silly mapToRegistry name graceful-fs
807 silly mapToRegistry using default registry
808 silly mapToRegistry registry https://registry.npmjs.org/
809 silly mapToRegistry uri https://registry.npmjs.org/graceful-fs
810 silly mapToRegistry name mout
811 silly mapToRegistry using default registry
812 silly mapToRegistry registry https://registry.npmjs.org/
813 silly mapToRegistry uri https://registry.npmjs.org/mout
814 silly mapToRegistry name optimist
815 silly mapToRegistry using default registry
816 silly mapToRegistry registry https://registry.npmjs.org/
817 silly mapToRegistry uri https://registry.npmjs.org/optimist
818 silly mapToRegistry name osenv
819 silly mapToRegistry using default registry
820 silly mapToRegistry registry https://registry.npmjs.org/
821 silly mapToRegistry uri https://registry.npmjs.org/osenv
822 verbose request uri https://registry.npmjs.org/graceful-fs
823 verbose request no auth needed
824 info attempt registry request try #1 at 16:18:19
825 verbose etag "EUBZ1CNP8G7CCWLJTEL9LHR4Q"
826 http request GET https://registry.npmjs.org/graceful-fs
827 verbose request uri https://registry.npmjs.org/mout
828 verbose request no auth needed
829 info attempt registry request try #1 at 16:18:19
830 verbose etag "7LQW36PKK1FPD83R54VWIK8KX"
831 http request GET https://registry.npmjs.org/mout
832 verbose request uri https://registry.npmjs.org/osenv
833 verbose request no auth needed
834 info attempt registry request try #1 at 16:18:19
835 verbose etag "1WY8NBYUCES75C26485P5EBIE"
836 http request GET https://registry.npmjs.org/osenv
837 verbose request uri https://registry.npmjs.org/optimist
838 verbose request no auth needed
839 info attempt registry request try #1 at 16:18:19
840 verbose etag "7SD46S3AOKCCKFAPK4EWNRKRH"
841 http request GET https://registry.npmjs.org/optimist
842 http 304 https://registry.npmjs.org/bower-json
843 silly get cb [ 304,
843 silly get   { date: 'Sun, 15 Mar 2015 15:18:19 GMT',
843 silly get     server: 'Apache',
843 silly get     via: '1.1 varnish',
843 silly get     'last-modified': 'Sun, 15 Mar 2015 15:17:57 GMT',
843 silly get     'cache-control': 'max-age=60',
843 silly get     etag: '"80W5H49L7TEFGIY7YQOUBVZIM"',
843 silly get     age: '23',
843 silly get     'x-served-by': 'cache-fra1225-FRA',
843 silly get     'x-cache': 'HIT',
843 silly get     'x-cache-hits': '2',
843 silly get     'x-timer': 'S1426432699.753597,VS0,VE0',
843 silly get     vary: 'Accept',
843 silly get     'content-length': '0',
843 silly get     'keep-alive': 'timeout=10, max=49',
843 silly get     connection: 'Keep-Alive' } ]
844 verbose etag https://registry.npmjs.org/bower-json from cache
845 silly mapToRegistry name deep-extend
846 silly mapToRegistry using default registry
847 silly mapToRegistry registry https://registry.npmjs.org/
848 silly mapToRegistry uri https://registry.npmjs.org/deep-extend
849 silly mapToRegistry name graceful-fs
850 silly mapToRegistry using default registry
851 silly mapToRegistry registry https://registry.npmjs.org/
852 silly mapToRegistry uri https://registry.npmjs.org/graceful-fs
853 silly mapToRegistry name intersect
854 silly mapToRegistry using default registry
855 silly mapToRegistry registry https://registry.npmjs.org/
856 silly mapToRegistry uri https://registry.npmjs.org/intersect
857 verbose request uri https://registry.npmjs.org/deep-extend
858 verbose request no auth needed
859 info attempt registry request try #1 at 16:18:19
860 verbose etag "EUOHHLTBSGRQJ6P6G24QR77WI"
861 http request GET https://registry.npmjs.org/deep-extend
862 verbose request uri https://registry.npmjs.org/graceful-fs
863 verbose request no auth needed
864 info attempt registry request try #1 at 16:18:19
865 verbose etag "EUBZ1CNP8G7CCWLJTEL9LHR4Q"
866 http request GET https://registry.npmjs.org/graceful-fs
867 verbose request uri https://registry.npmjs.org/intersect
868 verbose request no auth needed
869 info attempt registry request try #1 at 16:18:19
870 verbose etag "8JGAHPHMP7FC40AZPHZ0E7Y9L"
871 http request GET https://registry.npmjs.org/intersect
872 http 304 https://registry.npmjs.org/bower-registry-client
873 silly get cb [ 304,
873 silly get   { date: 'Sun, 15 Mar 2015 15:18:19 GMT',
873 silly get     server: 'Apache',
873 silly get     via: '1.1 varnish',
873 silly get     'last-modified': 'Sun, 15 Mar 2015 15:18:19 GMT',
873 silly get     'cache-control': 'max-age=60',
873 silly get     etag: '"Q2DKEDYHK1EGKMQLN2NFKRME"',
873 silly get     age: '1',
873 silly get     'x-served-by': 'cache-fra1225-FRA',
873 silly get     'x-cache': 'HIT',
873 silly get     'x-cache-hits': '1',
873 silly get     'x-timer': 'S1426432699.774601,VS0,VE0',
873 silly get     vary: 'Accept',
873 silly get     'content-length': '0',
873 silly get     'keep-alive': 'timeout=10, max=48',
873 silly get     connection: 'Keep-Alive' } ]
874 verbose etag https://registry.npmjs.org/bower-registry-client from cache
875 silly mapToRegistry name async
876 silly mapToRegistry using default registry
877 silly mapToRegistry registry https://registry.npmjs.org/
878 silly mapToRegistry uri https://registry.npmjs.org/async
879 silly mapToRegistry name bower-config
880 silly mapToRegistry using default registry
881 silly mapToRegistry registry https://registry.npmjs.org/
882 silly mapToRegistry uri https://registry.npmjs.org/bower-config
883 silly mapToRegistry name graceful-fs
884 silly mapToRegistry using default registry
885 silly mapToRegistry registry https://registry.npmjs.org/
886 silly mapToRegistry uri https://registry.npmjs.org/graceful-fs
887 silly mapToRegistry name lru-cache
888 silly mapToRegistry using default registry
889 silly mapToRegistry registry https://registry.npmjs.org/
890 silly mapToRegistry uri https://registry.npmjs.org/lru-cache
891 silly mapToRegistry name request
892 silly mapToRegistry using default registry
893 silly mapToRegistry registry https://registry.npmjs.org/
894 silly mapToRegistry uri https://registry.npmjs.org/request
895 silly mapToRegistry name request-replay
896 silly mapToRegistry using default registry
897 silly mapToRegistry registry https://registry.npmjs.org/
898 silly mapToRegistry uri https://registry.npmjs.org/request-replay
899 silly mapToRegistry name rimraf
900 silly mapToRegistry using default registry
901 silly mapToRegistry registry https://registry.npmjs.org/
902 silly mapToRegistry uri https://registry.npmjs.org/rimraf
903 silly mapToRegistry name mkdirp
904 silly mapToRegistry using default registry
905 silly mapToRegistry registry https://registry.npmjs.org/
906 silly mapToRegistry uri https://registry.npmjs.org/mkdirp
907 http 304 https://registry.npmjs.org/cardinal
908 silly get cb [ 304,
908 silly get   { date: 'Sun, 15 Mar 2015 15:18:19 GMT',
908 silly get     server: 'Apache',
908 silly get     via: '1.1 varnish',
908 silly get     'last-modified': 'Sun, 15 Mar 2015 15:18:19 GMT',
908 silly get     'cache-control': 'max-age=60',
908 silly get     etag: '"AO7EOXR2BGQ38CC33L9B68FBD"',
908 silly get     age: '21',
908 silly get     'x-served-by': 'cache-fra1225-FRA',
908 silly get     'x-cache': 'HIT',
908 silly get     'x-cache-hits': '1',
908 silly get     'x-timer': 'S1426432699.793634,VS0,VE0',
908 silly get     vary: 'Accept',
908 silly get     'content-length': '0',
908 silly get     'keep-alive': 'timeout=10, max=47',
908 silly get     connection: 'Keep-Alive' } ]
909 verbose etag https://registry.npmjs.org/cardinal from cache
910 verbose get https://registry.npmjs.org/bower-config not expired, no request
911 verbose get https://registry.npmjs.org/async not expired, no request
912 verbose request uri https://registry.npmjs.org/graceful-fs
913 verbose request no auth needed
914 info attempt registry request try #1 at 16:18:19
915 verbose etag "EUBZ1CNP8G7CCWLJTEL9LHR4Q"
916 http request GET https://registry.npmjs.org/graceful-fs
917 verbose request uri https://registry.npmjs.org/lru-cache
918 verbose request no auth needed
919 info attempt registry request try #1 at 16:18:19
920 verbose etag "8FG71A0GENBGO2H9IVT4WXMV3"
921 http request GET https://registry.npmjs.org/lru-cache
922 verbose request uri https://registry.npmjs.org/request
923 verbose request no auth needed
924 info attempt registry request try #1 at 16:18:19
925 verbose etag "7WBHJ6TFPURU822Y0BEWZL78D"
926 http request GET https://registry.npmjs.org/request
927 verbose request uri https://registry.npmjs.org/rimraf
928 verbose request no auth needed
929 info attempt registry request try #1 at 16:18:19
930 verbose etag "CBCE428ER7XGZA7DZTSRTKT4L"
931 http request GET https://registry.npmjs.org/rimraf
932 verbose request uri https://registry.npmjs.org/request-replay
933 verbose request no auth needed
934 info attempt registry request try #1 at 16:18:19
935 verbose etag "C444H9TD8GUY10B1JM8YHVKSP"
936 http request GET https://registry.npmjs.org/request-replay
937 verbose request uri https://registry.npmjs.org/mkdirp
938 verbose request no auth needed
939 info attempt registry request try #1 at 16:18:19
940 verbose etag "65Z5D34AN52GDN3EQZM4X9EZA"
941 http request GET https://registry.npmjs.org/mkdirp
942 verbose type called_on_non_object
943 verbose stack TypeError: Object.keys called on non-object
943 verbose stack     at Function.keys (native)
943 verbose stack     at unmarkExtraneous (/usr/local/lib/node_modules/npm/node_modules/read-installed/read-installed.js:362:10)
943 verbose stack     at /usr/local/lib/node_modules/npm/node_modules/read-installed/read-installed.js:137:5
943 verbose stack     at next (/usr/local/lib/node_modules/npm/node_modules/read-installed/read-installed.js:185:14)
943 verbose stack     at /usr/local/lib/node_modules/npm/node_modules/read-installed/read-installed.js:169:14
943 verbose stack     at Object.oncomplete (evalmachine.<anonymous>:107:15)
944 verbose cwd /home/fredefox/workspace/potato
945 error Linux 3.16.0-31-generic
946 error argv "node" "/usr/local/bin/npm" "update"
947 error node v0.10.25
948 error npm  v2.1.14
949 error Object.keys called on non-object
950 error If you need help, you may report this error at:
950 error     <http://github.com/npm/npm/issues>
951 verbose exit [ 1, true ]
